This is pdfTeX, Version 3.141592653-2.6-1.40.25 (TeX Live 2023) (preloaded format=pdflatex 2023.3.30)  15 APR 2023 20:07
entering extended mode
 restricted \write18 enabled.
 file:line:error style messages enabled.
 %&-line parsing enabled.
**"c:/Users/Tiubrah/QUT/EGB242/Assignment1/EGB242 - Assignment 1/Latex_Report/N10541977_EGB242.tex"
(c:/Users/Tiubrah/QUT/EGB242/Assignment1/EGB242 - Assignment 1/Latex_Report/N10541977_EGB242.tex
LaTeX2e <2022-11-01> patch level 1
L3 programming layer <2023-02-22> (c:/texlive/2023/texmf-dist/tex/latex/base/article.cls
Document Class: article 2022/07/02 v1.4n Standard LaTeX document class
(c:/texlive/2023/texmf-dist/tex/latex/base/size10.clo
File: size10.clo 2022/07/02 v1.4n Standard LaTeX file (size option)
)
\c@part=\count185
\c@section=\count186
\c@subsection=\count187
\c@subsubsection=\count188
\c@paragraph=\count189
\c@subparagraph=\count190
\c@figure=\count191
\c@table=\count192
\abovecaptionskip=\skip48
\belowcaptionskip=\skip49
\bibindent=\dimen140
) (c:/texlive/2023/texmf-dist/tex/latex/algorithms/algorithm.sty
Package: algorithm 2009/08/24 v0.1 Document Style `algorithm' - floating environment
 (c:/texlive/2023/texmf-dist/tex/latex/float/float.sty
Package: float 2001/11/08 v1.3d Float enhancements (AL)
\c@float@type=\count193
\float@exts=\toks16
\float@box=\box51
\@float@everytoks=\toks17
\@floatcapt=\box52
) (c:/texlive/2023/texmf-dist/tex/latex/base/ifthen.sty
Package: ifthen 2022/04/13 v1.1d Standard LaTeX ifthen package (DPC)
)
\@float@every@algorithm=\toks18
\c@algorithm=\count194
) (c:/texlive/2023/texmf-dist/tex/latex/algorithms/algorithmic.sty
Package: algorithmic 2009/08/24 v0.1 Document Style `algorithmic'
 (c:/texlive/2023/texmf-dist/tex/latex/graphics/keyval.sty
Package: keyval 2022/05/29 v1.15 key=value parser (DPC)
\KV@toks@=\toks19
)
\c@ALC@unique=\count195
\c@ALC@line=\count196
\c@ALC@rem=\count197
\c@ALC@depth=\count198
\ALC@tlm=\skip50
\algorithmicindent=\skip51
) (c:/texlive/2023/texmf-dist/tex/latex/hyperref/hyperref.sty
Package: hyperref 2023-02-07 v7.00v Hypertext links for LaTeX
 (c:/texlive/2023/texmf-dist/tex/generic/ltxcmds/ltxcmds.sty
Package: ltxcmds 2020-05-10 v1.25 LaTeX kernel commands for general use (HO)
) (c:/texlive/2023/texmf-dist/tex/generic/iftex/iftex.sty
Package: iftex 2022/02/03 v1.0f TeX engine tests
) (c:/texlive/2023/texmf-dist/tex/generic/pdftexcmds/pdftexcmds.sty
Package: pdftexcmds 2020-06-27 v0.33 Utility functions of pdfTeX for LuaTeX (HO)
 (c:/texlive/2023/texmf-dist/tex/generic/infwarerr/infwarerr.sty
Package: infwarerr 2019/12/03 v1.5 Providing info/warning/error messages (HO)
)
Package pdftexcmds Info: \pdf@primitive is available.
Package pdftexcmds Info: \pdf@ifprimitive is available.
Package pdftexcmds Info: \pdfdraftmode found.
) (c:/texlive/2023/texmf-dist/tex/latex/kvsetkeys/kvsetkeys.sty
Package: kvsetkeys 2022-10-05 v1.19 Key value parser (HO)
) (c:/texlive/2023/texmf-dist/tex/generic/kvdefinekeys/kvdefinekeys.sty
Package: kvdefinekeys 2019-12-19 v1.6 Define keys (HO)
) (c:/texlive/2023/texmf-dist/tex/generic/pdfescape/pdfescape.sty
Package: pdfescape 2019/12/09 v1.15 Implements pdfTeX's escape features (HO)
) (c:/texlive/2023/texmf-dist/tex/latex/hycolor/hycolor.sty
Package: hycolor 2020-01-27 v1.10 Color options for hyperref/bookmark (HO)
) (c:/texlive/2023/texmf-dist/tex/latex/letltxmacro/letltxmacro.sty
Package: letltxmacro 2019/12/03 v1.6 Let assignment for LaTeX macros (HO)
) (c:/texlive/2023/texmf-dist/tex/latex/auxhook/auxhook.sty
Package: auxhook 2019-12-17 v1.6 Hooks for auxiliary files (HO)
) (c:/texlive/2023/texmf-dist/tex/latex/hyperref/nameref.sty
Package: nameref 2022-05-17 v2.50 Cross-referencing by name of section
 (c:/texlive/2023/texmf-dist/tex/latex/refcount/refcount.sty
Package: refcount 2019/12/15 v3.6 Data extraction from label references (HO)
) (c:/texlive/2023/texmf-dist/tex/generic/gettitlestring/gettitlestring.sty
Package: gettitlestring 2019/12/15 v1.6 Cleanup title references (HO)
 (c:/texlive/2023/texmf-dist/tex/latex/kvoptions/kvoptions.sty
Package: kvoptions 2022-06-15 v3.15 Key value format for package options (HO)
))
\c@section@level=\count199
)
\@linkdim=\dimen141
\Hy@linkcounter=\count266
\Hy@pagecounter=\count267
 (c:/texlive/2023/texmf-dist/tex/latex/hyperref/pd1enc.def
File: pd1enc.def 2023-02-07 v7.00v Hyperref: PDFDocEncoding definition (HO)
Now handling font encoding PD1 ...
... no UTF-8 mapping file for font encoding PD1
) (c:/texlive/2023/texmf-dist/tex/generic/intcalc/intcalc.sty
Package: intcalc 2019/12/15 v1.3 Expandable calculations with integers (HO)
) (c:/texlive/2023/texmf-dist/tex/generic/etexcmds/etexcmds.sty
Package: etexcmds 2019/12/15 v1.7 Avoid name clashes with e-TeX commands (HO)
)
\Hy@SavedSpaceFactor=\count268
 (c:/texlive/2023/texmf-dist/tex/latex/hyperref/puenc.def
File: puenc.def 2023-02-07 v7.00v Hyperref: PDF Unicode definition (HO)
Now handling font encoding PU ...
... no UTF-8 mapping file for font encoding PU
)
Package hyperref Info: Hyper figures OFF on input line 4177.
Package hyperref Info: Link nesting OFF on input line 4182.
Package hyperref Info: Hyper index ON on input line 4185.
Package hyperref Info: Plain pages OFF on input line 4192.
Package hyperref Info: Backreferencing OFF on input line 4197.
Package hyperref Info: Implicit mode ON; LaTeX internals redefined.
Package hyperref Info: Bookmarks ON on input line 4425.
\c@Hy@tempcnt=\count269
 (c:/texlive/2023/texmf-dist/tex/latex/url/url.sty
\Urlmuskip=\muskip16
Package: url 2013/09/16  ver 3.4  Verb mode for urls, etc.
)
LaTeX Info: Redefining \url on input line 4763.
\XeTeXLinkMargin=\dimen142
 (c:/texlive/2023/texmf-dist/tex/generic/bitset/bitset.sty
Package: bitset 2019/12/09 v1.3 Handle bit-vector datatype (HO)
 (c:/texlive/2023/texmf-dist/tex/generic/bigintcalc/bigintcalc.sty
Package: bigintcalc 2019/12/15 v1.5 Expandable calculations on big integers (HO)
))
\Fld@menulength=\count270
\Field@Width=\dimen143
\Fld@charsize=\dimen144
Package hyperref Info: Hyper figures OFF on input line 6042.
Package hyperref Info: Link nesting OFF on input line 6047.
Package hyperref Info: Hyper index ON on input line 6050.
Package hyperref Info: backreferencing OFF on input line 6057.
Package hyperref Info: Link coloring OFF on input line 6062.
Package hyperref Info: Link coloring with OCG OFF on input line 6067.
Package hyperref Info: PDF/A mode OFF on input line 6072.
 (c:/texlive/2023/texmf-dist/tex/latex/base/atbegshi-ltx.sty
Package: atbegshi-ltx 2021/01/10 v1.0c Emulation of the original atbegshi
package with kernel methods
)
\Hy@abspage=\count271
\c@Item=\count272
\c@Hfootnote=\count273
)
Package hyperref Info: Driver (autodetected): hpdftex.
 (c:/texlive/2023/texmf-dist/tex/latex/hyperref/hpdftex.def
File: hpdftex.def 2023-02-07 v7.00v Hyperref driver for pdfTeX
 (c:/texlive/2023/texmf-dist/tex/latex/base/atveryend-ltx.sty
Package: atveryend-ltx 2020/08/19 v1.0a Emulation of the original atveryend package
with kernel methods
)
\Fld@listcount=\count274
\c@bookmark@seq@number=\count275
 (c:/texlive/2023/texmf-dist/tex/latex/rerunfilecheck/rerunfilecheck.sty
Package: rerunfilecheck 2022-07-10 v1.10 Rerun checks for auxiliary files (HO)
 (c:/texlive/2023/texmf-dist/tex/generic/uniquecounter/uniquecounter.sty
Package: uniquecounter 2019/12/15 v1.4 Provide unlimited unique counter (HO)
)
Package uniquecounter Info: New unique counter `rerunfilecheck' on input line 285.
)
\Hy@SectionHShift=\skip52
) (c:/texlive/2023/texmf-dist/tex/latex/geometry/geometry.sty
Package: geometry 2020/01/02 v5.9 Page Geometry
 (c:/texlive/2023/texmf-dist/tex/generic/iftex/ifvtex.sty
Package: ifvtex 2019/10/25 v1.7 ifvtex legacy package. Use iftex instead.
)
\Gm@cnth=\count276
\Gm@cntv=\count277
\c@Gm@tempcnt=\count278
\Gm@bindingoffset=\dimen145
\Gm@wd@mp=\dimen146
\Gm@odd@mp=\dimen147
\Gm@even@mp=\dimen148
\Gm@layoutwidth=\dimen149
\Gm@layoutheight=\dimen150
\Gm@layouthoffset=\dimen151
\Gm@layoutvoffset=\dimen152
\Gm@dimlist=\toks20
) (c:/texlive/2023/texmf-dist/tex/latex/graphics/graphicx.sty
Package: graphicx 2021/09/16 v1.2d Enhanced LaTeX Graphics (DPC,SPQR)
 (c:/texlive/2023/texmf-dist/tex/latex/graphics/graphics.sty
Package: graphics 2022/03/10 v1.4e Standard LaTeX Graphics (DPC,SPQR)
 (c:/texlive/2023/texmf-dist/tex/latex/graphics/trig.sty
Package: trig 2021/08/11 v1.11 sin cos tan (DPC)
) (c:/texlive/2023/texmf-dist/tex/latex/graphics-cfg/graphics.cfg
File: graphics.cfg 2016/06/04 v1.11 sample graphics configuration
)
Package graphics Info: Driver file: pdftex.def on input line 107.
 (c:/texlive/2023/texmf-dist/tex/latex/graphics-def/pdftex.def
File: pdftex.def 2022/09/22 v1.2b Graphics/color driver for pdftex
))
\Gin@req@height=\dimen153
\Gin@req@width=\dimen154
) (c:/texlive/2023/texmf-dist/tex/latex/titlesec/titlesec.sty
Package: titlesec 2021/07/05 v2.14 Sectioning titles
\ttl@box=\box53
\beforetitleunit=\skip53
\aftertitleunit=\skip54
\ttl@plus=\dimen155
\ttl@minus=\dimen156
\ttl@toksa=\toks21
\titlewidth=\dimen157
\titlewidthlast=\dimen158
\titlewidthfirst=\dimen159
) (c:/texlive/2023/texmf-dist/tex/latex/amsmath/amsmath.sty
Package: amsmath 2022/04/08 v2.17n AMS math features
\@mathmargin=\skip55

For additional information on amsmath, use the `?' option.
(c:/texlive/2023/texmf-dist/tex/latex/amsmath/amstext.sty
Package: amstext 2021/08/26 v2.01 AMS text
 (c:/texlive/2023/texmf-dist/tex/latex/amsmath/amsgen.sty
File: amsgen.sty 1999/11/30 v2.0 generic functions
\@emptytoks=\toks22
\ex@=\dimen160
)) (c:/texlive/2023/texmf-dist/tex/latex/amsmath/amsbsy.sty
Package: amsbsy 1999/11/29 v1.2d Bold Symbols
\pmbraise@=\dimen161
) (c:/texlive/2023/texmf-dist/tex/latex/amsmath/amsopn.sty
Package: amsopn 2022/04/08 v2.04 operator names
)
\inf@bad=\count279
LaTeX Info: Redefining \frac on input line 234.
\uproot@=\count280
\leftroot@=\count281
LaTeX Info: Redefining \overline on input line 399.
LaTeX Info: Redefining \colon on input line 410.
\classnum@=\count282
\DOTSCASE@=\count283
LaTeX Info: Redefining \ldots on input line 496.
LaTeX Info: Redefining \dots on input line 499.
LaTeX Info: Redefining \cdots on input line 620.
\Mathstrutbox@=\box54
\strutbox@=\box55
LaTeX Info: Redefining \big on input line 722.
LaTeX Info: Redefining \Big on input line 723.
LaTeX Info: Redefining \bigg on input line 724.
LaTeX Info: Redefining \Bigg on input line 725.
\big@size=\dimen162
LaTeX Font Info:    Redeclaring font encoding OML on input line 743.
LaTeX Font Info:    Redeclaring font encoding OMS on input line 744.
\macc@depth=\count284
LaTeX Info: Redefining \bmod on input line 905.
LaTeX Info: Redefining \pmod on input line 910.
LaTeX Info: Redefining \smash on input line 940.
LaTeX Info: Redefining \relbar on input line 970.
LaTeX Info: Redefining \Relbar on input line 971.
\c@MaxMatrixCols=\count285
\dotsspace@=\muskip17
\c@parentequation=\count286
\dspbrk@lvl=\count287
\tag@help=\toks23
\row@=\count288
\column@=\count289
\maxfields@=\count290
\andhelp@=\toks24
\eqnshift@=\dimen163
\alignsep@=\dimen164
\tagshift@=\dimen165
\tagwidth@=\dimen166
\totwidth@=\dimen167
\lineht@=\dimen168
\@envbody=\toks25
\multlinegap=\skip56
\multlinetaggap=\skip57
\mathdisplay@stack=\toks26
LaTeX Info: Redefining \[ on input line 2953.
LaTeX Info: Redefining \] on input line 2954.
)
*geometry* verbose mode - [ newgeometry ] result:
* driver: 
* paper: <default>
* layout: <same size as paper>
* layoutoffset:(h,v)=(0.0pt,0.0pt)
* modes: 
* h-part:(L,W,R)=(142.26378pt, 329.76744pt, 142.26378pt)
* v-part:(T,H,B)=(85.35826pt, 624.25346pt, 85.35826pt)
* \paperwidth=614.295pt
* \paperheight=794.96999pt
* \textwidth=329.76744pt
* \textheight=624.25346pt
* \oddsidemargin=69.99379pt
* \evensidemargin=69.99379pt
* \topmargin=-23.91173pt
* \headheight=12.0pt
* \headsep=25.0pt
* \topskip=10.0pt
* \footskip=30.0pt
* \marginparwidth=65.0pt
* \marginparsep=11.0pt
* \columnsep=10.0pt
* \skip\footins=9.0pt plus 4.0pt minus 2.0pt
* \hoffset=0.0pt
* \voffset=0.0pt
* \mag=1000
* \@twocolumnfalse
* \@twosidefalse
* \@mparswitchfalse
* \@reversemarginfalse
* (1in=72.27pt=25.4mm, 1cm=28.453pt)

 (c:/texlive/2023/texmf-dist/tex/latex/l3backend/l3backend-pdftex.def
File: l3backend-pdftex.def 2023-01-16 L3 backend support: PDF output (pdfTeX)
\l__color_backend_stack_int=\count291
\l__pdf_internal_box=\box56
) (./N10541977_EGB242.aux)
\openout1 = `N10541977_EGB242.aux'.

LaTeX Font Info:    Checking defaults for OML/cmm/m/it on input line 19.
LaTeX Font Info:    ... okay on input line 19.
LaTeX Font Info:    Checking defaults for OMS/cmsy/m/n on input line 19.
LaTeX Font Info:    ... okay on input line 19.
LaTeX Font Info:    Checking defaults for OT1/cmr/m/n on input line 19.
LaTeX Font Info:    ... okay on input line 19.
LaTeX Font Info:    Checking defaults for T1/cmr/m/n on input line 19.
LaTeX Font Info:    ... okay on input line 19.
LaTeX Font Info:    Checking defaults for TS1/cmr/m/n on input line 19.
LaTeX Font Info:    ... okay on input line 19.
LaTeX Font Info:    Checking defaults for OMX/cmex/m/n on input line 19.
LaTeX Font Info:    ... okay on input line 19.
LaTeX Font Info:    Checking defaults for U/cmr/m/n on input line 19.
LaTeX Font Info:    ... okay on input line 19.
LaTeX Font Info:    Checking defaults for PD1/pdf/m/n on input line 19.
LaTeX Font Info:    ... okay on input line 19.
LaTeX Font Info:    Checking defaults for PU/pdf/m/n on input line 19.
LaTeX Font Info:    ... okay on input line 19.
Package hyperref Info: Link coloring OFF on input line 19.
 (./N10541977_EGB242.out) (./N10541977_EGB242.out)
\@outlinefile=\write3
\openout3 = `N10541977_EGB242.out'.


*geometry* driver: auto-detecting
*geometry* detected driver: pdftex
*geometry* verbose mode - [ preamble ] result:
* driver: pdftex
* paper: <default>
* layout: <same size as paper>
* layoutoffset:(h,v)=(0.0pt,0.0pt)
* modes: 
* h-part:(L,W,R)=(142.26378pt, 329.76744pt, 142.26378pt)
* v-part:(T,H,B)=(85.35826pt, 624.25346pt, 85.35826pt)
* \paperwidth=614.295pt
* \paperheight=794.96999pt
* \textwidth=329.76744pt
* \textheight=624.25346pt
* \oddsidemargin=69.99379pt
* \evensidemargin=69.99379pt
* \topmargin=-23.91173pt
* \headheight=12.0pt
* \headsep=25.0pt
* \topskip=10.0pt
* \footskip=30.0pt
* \marginparwidth=65.0pt
* \marginparsep=11.0pt
* \columnsep=10.0pt
* \skip\footins=9.0pt plus 4.0pt minus 2.0pt
* \hoffset=0.0pt
* \voffset=0.0pt
* \mag=1000
* \@twocolumnfalse
* \@twosidefalse
* \@mparswitchfalse
* \@reversemarginfalse
* (1in=72.27pt=25.4mm, 1cm=28.453pt)

(c:/texlive/2023/texmf-dist/tex/context/base/mkii/supp-pdf.mkii
[Loading MPS to PDF converter (version 2006.09.02).]
\scratchcounter=\count292
\scratchdimen=\dimen169
\scratchbox=\box57
\nofMPsegments=\count293
\nofMParguments=\count294
\everyMPshowfont=\toks27
\MPscratchCnt=\count295
\MPscratchDim=\dimen170
\MPnumerator=\count296
\makeMPintoPDFobject=\count297
\everyMPtoPDFconversion=\toks28
) (c:/texlive/2023/texmf-dist/tex/latex/epstopdf-pkg/epstopdf-base.sty
Package: epstopdf-base 2020-01-24 v2.11 Base part for package epstopdf
 (c:/texlive/2023/texmf-dist/tex/latex/grfext/grfext.sty
Package: grfext 2019/12/03 v1.3 Manage graphics extensions (HO)
)
Package epstopdf-base Info: Redefining graphics rule for `.eps' on input line 485.
Package grfext Info: Graphics extension search list:
(grfext)             [.pdf,.png,.jpg,.mps,.jpeg,.jbig2,.jb2,.PDF,.PNG,.JPG,.JPEG,.JBIG2,.JB2,.eps]
(grfext)             \AppendGraphicsExtensions on input line 504.
 (c:/texlive/2023/texmf-dist/tex/latex/latexconfig/epstopdf-sys.cfg
File: epstopdf-sys.cfg 2010/07/13 v1.3 Configuration of (r)epstopdf for TeX Live
))
<logo.jpg, id=108, 1204.5pt x 1204.5pt>
File: logo.jpg Graphic file (type jpg)
<use logo.jpg>
Package pdftex.def Info: logo.jpg  used on input line 31.
(pdftex.def)             Requested size: 56.9055pt x 56.90189pt.
 [1


{c:/texlive/2023/texmf-var/fonts/map/pdftex/updmap/pdftex.map} <./logo.jpg>] (./N10541977_EGB242.toc)
\tf@toc=\write4
\openout4 = `N10541977_EGB242.toc'.


pdfTeX warning (ext4): destination with the same identifier (name{page.1}) has been already used, duplicate ignored
<to be read again> 
                   \relax 
l.55 \newpage
              [1] [2{c:/texlive/2023/texmf-dist/fonts/enc/dvips/cm-super/cm-super-t1.enc}]
<channelQuiet.png, id=164, 524.96124pt x 55.20625pt>
File: channelQuiet.png Graphic file (type png)
<use channelQuiet.png>
Package pdftex.def Info: channelQuiet.png  used on input line 93.
(pdftex.def)             Requested size: 329.77411pt x 34.67986pt.
File: channelQuiet.png Graphic file (type png)
<use channelQuiet.png>
Package pdftex.def Info: channelQuiet.png  used on input line 93.
(pdftex.def)             Requested size: 329.77411pt x 34.67986pt.
<modulation.png, id=169, 513.92pt x 71.26625pt>
File: modulation.png Graphic file (type png)
<use modulation.png>
Package pdftex.def Info: modulation.png  used on input line 98.
(pdftex.def)             Requested size: 329.77026pt x 45.72984pt.
File: modulation.png Graphic file (type png)
<use modulation.png>
Package pdftex.def Info: modulation.png  used on input line 98.
(pdftex.def)             Requested size: 329.77026pt x 45.72984pt.
 [3 <./channelQuiet.png>] [4 <./modulation.png>]
<resampled.png, id=192, 532.99126pt x 82.3075pt>
File: resampled.png Graphic file (type png)
<use resampled.png>
Package pdftex.def Info: resampled.png  used on input line 123.
(pdftex.def)             Requested size: 329.77614pt x 50.92586pt.
File: resampled.png Graphic file (type png)
<use resampled.png>
Package pdftex.def Info: resampled.png  used on input line 123.
(pdftex.def)             Requested size: 329.77614pt x 50.92586pt.
<N16.png, id=193, 626.34pt x 203.76125pt>
File: N16.png Graphic file (type png)
<use N16.png>
Package pdftex.def Info: N16.png  used on input line 129.
(pdftex.def)             Requested size: 329.77957pt x 107.28406pt.
File: N16.png Graphic file (type png)
<use N16.png>
Package pdftex.def Info: N16.png  used on input line 129.
(pdftex.def)             Requested size: 329.77957pt x 107.28406pt.
 [5 <./resampled.png>] [6 <./N16.png>] [7] [8]
<nApprox.png, id=219, 142.6128pt x 122.859pt>
File: nApprox.png Graphic file (type png)
<use nApprox.png>
Package pdftex.def Info: nApprox.png  used on input line 158.
(pdftex.def)             Requested size: 142.61243pt x 122.85867pt.
<AudioOutput.png, id=220, 142.6128pt x 122.859pt>
File: AudioOutput.png Graphic file (type png)
<use AudioOutput.png>
Package pdftex.def Info: AudioOutput.png  used on input line 161.
(pdftex.def)             Requested size: 142.61243pt x 122.85867pt.
<CleanAudio.png, id=221, 145.5036pt x 122.859pt>
File: CleanAudio.png Graphic file (type png)
<use CleanAudio.png>
Package pdftex.def Info: CleanAudio.png  used on input line 164.
(pdftex.def)             Requested size: 145.50323pt x 122.85867pt.
<audioCleanFreq.png, id=222, 142.6128pt x 123.3408pt>
File: audioCleanFreq.png Graphic file (type png)
<use audioCleanFreq.png>
Package pdftex.def Info: audioCleanFreq.png  used on input line 167.
(pdftex.def)             Requested size: 142.61243pt x 123.34048pt.
 [9 <./nApprox.png (PNG copy)> <./AudioOutput.png (PNG copy)> <./CleanAudio.png (PNG copy)>]
<channelQuietTimeDomain.png, id=227, 145.5036pt x 122.859pt>
File: channelQuietTimeDomain.png Graphic file (type png)
<use channelQuietTimeDomain.png>
Package pdftex.def Info: channelQuietTimeDomain.png  used on input line 170.
(pdftex.def)             Requested size: 145.50323pt x 122.85867pt.
<channelQuietFreqDomain.png, id=228, 140.2038pt x 123.3408pt>
File: channelQuietFreqDomain.png Graphic file (type png)
<use channelQuietFreqDomain.png>
Package pdftex.def Info: channelQuietFreqDomain.png  used on input line 173.
(pdftex.def)             Requested size: 140.20345pt x 123.34048pt.
<modulated.png, id=229, 138.7584pt x 123.3408pt>
File: modulated.png Graphic file (type png)
<use modulated.png>
Package pdftex.def Info: modulated.png  used on input line 176.
(pdftex.def)             Requested size: 138.75806pt x 123.34048pt.
 [10 <./audioCleanFreq.png (PNG copy)> <./channelQuietTimeDomain.png (PNG copy)> <./channelQuietFreqDomain.png (PNG copy)>]
<demodulated.png, id=234, 138.7584pt x 123.3408pt>
File: demodulated.png Graphic file (type png)
<use demodulated.png>
Package pdftex.def Info: demodulated.png  used on input line 179.
(pdftex.def)             Requested size: 138.75806pt x 123.34048pt.
<N16MR.png, id=235, 152.7306pt x 122.859pt>
File: N16MR.png Graphic file (type png)
<use N16MR.png>
Package pdftex.def Info: N16MR.png  used on input line 182.
(pdftex.def)             Requested size: 152.73022pt x 122.85867pt.
<N16MT.png, id=236, 152.7306pt x 122.859pt>
File: N16MT.png Graphic file (type png)
<use N16MT.png>
Package pdftex.def Info: N16MT.png  used on input line 185.
(pdftex.def)             Requested size: 152.73022pt x 122.85867pt.
 [11 <./modulated.png (PNG copy)> <./demodulated.png (PNG copy)> <./N16MR.png (PNG copy)>]
<N2MR.png, id=241, 152.7306pt x 122.859pt>
File: N2MR.png Graphic file (type png)
<use N2MR.png>
Package pdftex.def Info: N2MR.png  used on input line 189.
(pdftex.def)             Requested size: 79.146pt x 63.6677pt.
<N2MT.png, id=242, 152.7306pt x 122.859pt>
File: N2MT.png Graphic file (type png)
<use N2MT.png>
Package pdftex.def Info: N2MT.png  used on input line 190.
(pdftex.def)             Requested size: 79.146pt x 63.6677pt.
<N4MR.png, id=243, 152.7306pt x 122.859pt>
File: N4MR.png Graphic file (type png)
<use N4MR.png>
Package pdftex.def Info: N4MR.png  used on input line 191.
(pdftex.def)             Requested size: 79.146pt x 63.6677pt.
<N4MT.png, id=244, 152.7306pt x 122.859pt>
File: N4MT.png Graphic file (type png)
<use N4MT.png>
Package pdftex.def Info: N4MT.png  used on input line 192.
(pdftex.def)             Requested size: 79.146pt x 63.6677pt.
<N8MR.png, id=245, 152.7306pt x 122.859pt>
File: N8MR.png Graphic file (type png)
<use N8MR.png>
Package pdftex.def Info: N8MR.png  used on input line 193.
(pdftex.def)             Requested size: 79.146pt x 63.6677pt.
<N8MT.png, id=246, 152.7306pt x 122.859pt>
File: N8MT.png Graphic file (type png)
<use N8MT.png>
Package pdftex.def Info: N8MT.png  used on input line 194.
(pdftex.def)             Requested size: 79.146pt x 63.6677pt.
<N32MR.png, id=247, 152.7306pt x 122.859pt>
File: N32MR.png Graphic file (type png)
<use N32MR.png>
Package pdftex.def Info: N32MR.png  used on input line 195.
(pdftex.def)             Requested size: 79.146pt x 63.6677pt.
<N32MT.png, id=248, 152.7306pt x 122.859pt>
File: N32MT.png Graphic file (type png)
<use N32MT.png>
Package pdftex.def Info: N32MT.png  used on input line 196.
(pdftex.def)             Requested size: 79.146pt x 63.6677pt.
 [12 <./N16MT.png (PNG copy)> <./N2MR.png (PNG copy)> <./N2MT.png (PNG copy)> <./N4MR.png (PNG copy)> <./N4MT.png (PNG copy)> <./N8MR.png (PNG copy)> <./N8MT.png (PNG copy)> <./N32MR.png (PNG copy)> <./N32MT.png (PNG copy)>] (./N10541977_EGB242.aux)
Package rerunfilecheck Info: File `N10541977_EGB242.out' has not changed.
(rerunfilecheck)             Checksum: 46EB7FF267EE1C61FAB02C96EFC4E797;3932.
 ) 
Here is how much of TeX's memory you used:
 10191 strings out of 476025
 159820 string characters out of 5794015
 1861382 words of memory out of 5000000
 30454 multiletter control sequences out of 15000+600000
 515974 words of font info for 43 fonts, out of 8000000 for 9000
 1141 hyphenation exceptions out of 8191
 75i,11n,76p,1446b,462s stack positions out of 10000i,1000n,20000p,200000b,200000s
<c:/texlive/2023/texmf-dist/fonts/type1/public/amsfonts/cm/cmbx10.pfb><c:/texlive/2023/texmf-dist/fonts/type1/public/amsfonts/cm/cmbx12.pfb><c:/texlive/2023/texmf-dist/fonts/type1/public/amsfonts/cm/cmex10.pfb><c:/texlive/2023/texmf-dist/fonts/type1/public/amsfonts/cm/cmmi10.pfb><c:/texlive/2023/texmf-dist/fonts/type1/public/amsfonts/cm/cmmi7.pfb><c:/texlive/2023/texmf-dist/fonts/type1/public/amsfonts/cm/cmr10.pfb><c:/texlive/2023/texmf-dist/fonts/type1/public/amsfonts/cm/cmr5.pfb><c:/texlive/2023/texmf-dist/fonts/type1/public/amsfonts/cm/cmr7.pfb><c:/texlive/2023/texmf-dist/fonts/type1/public/amsfonts/cm/cmsy10.pfb><c:/texlive/2023/texmf-dist/fonts/type1/public/amsfonts/cm/cmsy7.pfb><c:/texlive/2023/texmf-dist/fonts/type1/public/amsfonts/cm/cmti10.pfb><c:/texlive/2023/texmf-dist/fonts/type1/public/cm-super/sfrm1000.pfb>
Output written on N10541977_EGB242.pdf (13 pages, 578375 bytes).
PDF statistics:
 321 PDF objects out of 1000 (max. 8388607)
 252 compressed objects within 3 object streams
 50 named destinations out of 1000 (max. 500000)
 324 words of extra memory for PDF output out of 10000 (max. 10000000)

